
> alexhopmann-blog@1.0.0 migrate:content
> tsx scripts/migrate-content.ts

[dotenv@17.2.0] injecting env (15) from .env (tip: 🔐 prevent committing .env to code: https://dotenvx.com/precommit)
Starting content migration...
Found 112 HTML files to migrate
Processing article 2005-06-17.htm...
✓ Migrated: Home Networking- Routers
Processing article 2005-06-20.htm...
✓ Migrated: Home Networking- Routers &amp; Microsoft- Reviews
Processing article 2005-06-21.htm...
✓ Migrated: Travel- Portland
Processing article 2005-06-22.htm...
✓ Migrated: Home Computing- Media Center PCs
Processing article 2005-06-23.htm...
✓ Migrated: Software- Design
Processing article 2005-11-10.htm...
✓ Migrated: Microsoft- Ray Ozzie memo
Processing article 2005-11-11.htm...
✓ Migrated: Pure Networks- Network Magic Is In Stores
Processing article 2005-11-21.htm...
✓ Migrated: Microsoft- Mini-Microsoft
Processing article 2005-12-25.htm...
✓ Migrated: Skiing- Shopping for new skis
Processing article 2005-12-26.htm...
Post with slug "skiing-shopping-for-new-skis" already exists, skipping...
Processing article 2005-xx-xx.htm...
Post with slug "skiing-shopping-for-new-skis" already exists, skipping...
Processing article 2006-01-03.htm...
✓ Migrated: Presentations- Jobs vs Bill presentation style
Processing article 2006-01-26.htm...
✓ Migrated: Books- New books to read
Processing article 2006-01-27.htm...
✓ Migrated: Network Magic Photocast- a cool new way to share photos
Processing article 2006-01-28.htm...
✓ Migrated: Music- G. Love and Special Sauce
Processing article 2006-02-01.htm...
✓ Migrated: Music- Coachella coming soon
Processing article 2006-02-09.htm...
✓ Migrated: Technology- RSS
Processing article 2006-02-10.htm...
✓ Migrated: Technology- Phones
Processing article 2006-02-11.htm...
✓ Migrated: Food- Dim Sum in San Francisco
Processing article 2006-02-27.htm...
✓ Migrated: Travel- American Airlines is dead to me
Processing article 2006-03-06.htm...
✓ Migrated: Skiing- Spring Skiing
Processing article 2006-03-07.htm...
✓ Migrated: Technology- Live Clipboard
Processing article 2006-03-09.htm...
✓ Migrated: Jobs- Leaving Pure Networks
Processing article 2006-03-12.htm...
✓ Migrated: Jobs- Time off
Processing article 2006-03-13.htm...
✓ Migrated: Jobs- Time off day 1
Processing article 2006-03-15.htm...
✓ Migrated: Technology- Hard Drives
Processing article 2006-03-16.htm...
Post with slug "technology-hard-drives" already exists, skipping...
Processing article 2006-03-17.htm...
✓ Migrated: Cooking- Corned Beef
Processing article 2006-03-23.htm...
✓ Migrated: Technology- Servers
Processing article 2006-03-24.htm...
Post with slug "technology-servers" already exists, skipping...
Processing article 2006-03-25.htm...
✓ Migrated: Technology- MySQL
Processing article 2006-03-26.htm...
✓ Migrated: Technology- Apache and Hosting
Processing article 2006-03-28.htm...
Post with slug "skiing-spring-skiing" already exists, skipping...
Processing article 2006-03-29.htm...
✓ Migrated: Technology- Hosting
Processing article 2006-04-05.htm...
✓ Migrated: Technology- Blogs and Travel
Processing article 2006-04-06.htm...
✓ Migrated: Travel- Arrival in Grenada
Processing article 2006-04-07.htm...
✓ Migrated: Travel- Touring the Alhambra
Processing article 2006-05-02.htm...
✓ Migrated: Music- Coachella 2006
Processing article 2006-05-06.htm...
✓ Migrated: Technology- iSCSI
Processing article 2006-05-09.htm...
✓ Migrated: Wine- Touring Yamhill Valley, OR
Processing article 2006-05-13.htm...
✓ Migrated: Technology- High-Def DVDs
Processing article 2006-05-18.htm...
✓ Migrated: Jobs- Contracting for Judy's Book
Processing article 2006-05-20.htm...
✓ Migrated: Technology- RSS Feeds for Calendar Data
Processing article 2006-05-21.htm...
✓ Migrated: Travel- Vancouver
Processing article 2006-05-22.htm...
✓ Migrated: Technology- Motorola Q Phone
Processing article 2006-05-26.htm...
✓ Migrated: Music- Sasquatch Festival
Processing article 2006-05-30.htm...
Post with slug "music-sasquatch-festival" already exists, skipping...
Processing article 2006-05-31.htm...
✓ Migrated: Music- Coachella Videos
Processing article 2006-06-01.htm...
✓ Migrated: Outdoors- The New Raft
Processing article 2006-06-06.htm...
✓ Migrated: Cooking- Grilling/BBQ
Processing article 2006-06-07.htm...
✓ Migrated: Technology- Motorola Q Phone, the Honeymoon Review
Processing article 2006-06-12.htm...
✓ Migrated: Technology- Books on Usability
Processing article 2006-06-16.htm...
✓ Migrated: Technology- The BillG Review
Processing article 2006-06-18.htm...
✓ Migrated: Hiking- Skookum Flats Trail
Processing article 2006-06-19.htm...
✓ Migrated: Technology- Wikis and Wireless
Processing article 2006-06-21.htm...
✓ Migrated: Home- Last Day of School
Processing article 2006-06-22.htm...
✓ Migrated: Technology- History of RSS
Processing article 2006-06-28.htm...
✓ Migrated: Misc- Two posts on LancairTalk.com
Processing article 2006-06-29.htm...
✓ Migrated: Music- Art Brut Top Of the Pops!
Processing article 2006-07-01.htm...
✓ Migrated: Technology- Network Magic 3.1
Processing article 2006-07-04.htm...
✓ Migrated: Sports- Germany vs. Italy
Processing article 2006-07-06.htm...
✓ Migrated: Technology- Google Checkout
Processing article 2006-07-08.htm...
✓ Migrated: Hiking- Glacier National Park, Highline Trail
Processing article 2006-07-11.htm...
✓ Migrated: Hiking- Washinton State, Mason Lake
Processing article 2006-07-12.htm...
✓ Migrated: Music- Art Brut
Processing article 2006-07-16.htm...
✓ Migrated: Technology- New web site, CalendarData.com
Processing article 2006-07-20.htm...
✓ Migrated: Technology- Building CalendarData
Processing article 2006-07-21.htm...
✓ Migrated: Hiking- Rachel Lake
Processing article 2006-07-23.htm...
✓ Migrated: Hiking- Biking the Iron Horse trail
Processing article 2006-07-25.htm...
✓ Migrated: Technology- Real Time Log Reporting
Processing article 2006-07-26.htm...
✓ Migrated: Technology- 802.11n wireless progress
Processing article 2006-08-04.htm...
✓ Migrated: Technology- ComputerWorld on Building AJAX Web Pages
Processing article 2006-08-08.htm...
✓ Migrated: Technology- NetGear WNR854T 802.11 draftN router with Gigabit Ethernet
Processing article 2006-08-10.htm...
✓ Migrated: Sports- Soccer Snobs
Processing article 2006-08-11.htm...
✓ Migrated: Technology- Fixed my laptop
Processing article 2006-08-22.htm...
✓ Migrated: Technology- More laptop issues
Processing article 2006-08-23.htm...
✓ Migrated: Games- World of Warcraft
Processing article 2006-08-30.htm...
✓ Migrated: Technology- Developer Info on CalendarData.com
Processing article 2006-08-31.htm...
✓ Migrated: Technology- Toolbars and Browser Security
Processing article 2006-09-02.htm...
✓ Migrated: Sports- Dahon Folding Bike
Processing article 2006-09-04.htm...
✓ Migrated: Technology- Free Wifi at Highway Rest Areas in WA State
Processing article 2006-09-07.htm...
✓ Migrated: Technology- New Judy's Book Features
Processing article 2006-09-18.htm...
✓ Migrated: Politics- Rolling Stone Article on 2004 Election
Processing article 2006-09-29.htm...
✓ Migrated: Technology- CalendarData.com supports Live Clipboard
Processing article 2006-11-02.htm...
✓ Migrated: Technology- Laptop Driver Problems
Processing article 2006-11-03.htm...
✓ Migrated: Technology- The Web is Awesome!
Processing article 2006-11-06.htm...
✓ Migrated: Politics- HBO Special Hacking the Vote is online
Processing article 2006-11-10.htm...
✓ Migrated: Technology- Paged SQL Queries
Processing article 2006-11-17.htm...
✓ Migrated: Technology- SOAP and S is for Simple
Processing article 2006-11-28.htm...
✓ Migrated: Technology- I Bought a Mac
Processing article 2006-12-03.htm...
✓ Migrated: General- Good news from the UK
Processing article 2006-12-04.htm...
✓ Migrated: Cooking- Peking Turkey
Processing article 2006-12-05.htm...
✓ Migrated: WPF- WPF/E Hello World
Processing article 2006-12-06.htm...
✓ Migrated: WPF- WPF/E More Questions
Processing article 2006-12-11.htm...
✓ Migrated: Technology- Building out hosting servers
Processing article 2006-12-13.htm...
✓ Migrated: WPF- Upcoming conferences
Processing article 2006-12-16.htm...
✓ Migrated: Home- Power is out
Processing article 2006-12-19.htm...
✓ Migrated: Technology- Virtualization
Processing article 2006-12-21.htm...
✓ Migrated: Technology- Launch21
Processing article 2006-12-22.htm...
✓ Migrated: Technology- Judy's Book After Christmas Guide
Processing article 2006-12-25.htm...
✓ Migrated: Skiing- All I Want For Christmas is 1' Fresh Snow
Processing article 2006-12-26.htm...
✓ Migrated: Technology- (Con)Fusion
Processing article 2006-12-28.htm...
✓ Migrated: Vista- Windows Vista Tips
Processing article 2007-01-09.htm...
✓ Migrated: TV- CBS Making Progress
Processing article 2007-01-18.htm...
✓ Migrated: General- Blog Posts and Giving Proper Credit
Processing article 2007-01-19.htm...
✓ Migrated: Management- Inspiring With the Big Challenge
Processing article 2007-01-22.htm...
✓ Migrated: Music- Coachella 2007
Processing article 2007-01-31.htm...
✓ Migrated: Technology- Adam Bosworth on early days of DHTML
Processing article 2007-02-01.htm...
✓ Migrated: WPF- New Feb WPF/E Build available
Processing article 2007-02-06.htm...
✓ Migrated: Technology- DRM and Apple
Processing article 2007-02-08.htm...
✓ Migrated: Technology- Semantic Web and Microformats
Processing article 2007-02-16.htm...
✓ Migrated: Technology- Moving to WordPress soon

Migration complete!
Success: 106 posts
Errors: 0 posts
